<?xml version="1.0" encoding="UTF-8"?>
<!-- Generated by org.testng.reporters.JUnitReportReporter -->
<testsuite hostname="DESKTOP-RM20B3T" failures="0" tests="1" name="testcase.UpdateProductCartQuantityIntoTwo" time="13.643" errors="0" timestamp="2023-11-13T15:08:04 IST" skipped="0">
  <testcase classname="testcase.UpdateProductCartQuantityIntoTwo" name="AddToCart" time="13.643"/>
  <system-out/>
</testsuite> <!-- testcase.UpdateProductCartQuantityIntoTwo -->
