<?xml version="1.0" encoding="UTF-8"?>
<!-- Generated by org.testng.reporters.JUnitReportReporter -->
<testsuite hostname="DESKTOP-RM20B3T" failures="0" tests="1" name="testcase.PriceFilter" time="15.450" errors="0" timestamp="2023-11-04T01:05:22 IST" skipped="0">
  <testcase classname="testcase.PriceFilter" name="ApplyPriceFilter" time="15.450"/>
  <system-out/>
</testsuite> <!-- testcase.PriceFilter -->
